<?xml version="1.0" encoding="UTF-8"?>
<testng-results skipped="0" failed="0" total="1" passed="1">
  <reporter-output>
  </reporter-output>
  <suite name="Default suite" duration-ms="16817" started-at="2022-12-12T23:39:58Z" finished-at="2022-12-12T23:40:15Z">
    <groups>
    </groups>
    <test name="Default test" duration-ms="16817" started-at="2022-12-12T23:39:58Z" finished-at="2022-12-12T23:40:15Z">
      <class name="Automation1.categorypagetest">
        <test-method status="PASS" signature="vertify()[pri:0, instance:Automation1.categorypagetest@2133c8f8]" name="vertify" duration-ms="16804" started-at="2022-12-12T17:39:58Z" finished-at="2022-12-12T17:40:15Z">
          <reporter-output>
          </reporter-output>
        </test-method> <!-- vertify -->
      </class> <!-- Automation1.categorypagetest -->
    </test> <!-- Default test -->
  </suite> <!-- Default suite -->
</testng-results>
